<?xml version="1.0" encoding="UTF-8"?>
<testng-results skipped="0" failed="0" ignored="0" total="2" passed="2">
  <reporter-output>
  </reporter-output>
  <suite name="Default suite" duration-ms="66" started-at="2018-07-03T14:53:04Z" finished-at="2018-07-03T14:53:04Z">
    <groups>
    </groups>
    <test name="Default test" duration-ms="66" started-at="2018-07-03T14:53:04Z" finished-at="2018-07-03T14:53:04Z">
      <class name="testngfeatures.TestNGFeaturesClass">
        <test-method status="PASS" signature="beforeTest()[pri:0, instance:testngfeatures.TestNGFeaturesClass@5034c75a]" name="beforeTest" is-config="true" duration-ms="14" started-at="2018-07-03T20:23:04Z" finished-at="2018-07-03T20:23:04Z">
          <reporter-output>
          </reporter-output>
        </test-method> <!-- beforeTest -->
        <test-method status="PASS" signature="configBM()[pri:0, instance:testngfeatures.TestNGFeaturesClass@5034c75a]" name="configBM" is-config="true" duration-ms="0" started-at="2018-07-03T20:23:04Z" finished-at="2018-07-03T20:23:04Z">
          <reporter-output>
          </reporter-output>
        </test-method> <!-- configBM -->
        <test-method status="PASS" signature="test1()[pri:0, instance:testngfeatures.TestNGFeaturesClass@5034c75a]" name="test1" duration-ms="8" started-at="2018-07-03T20:23:04Z" finished-at="2018-07-03T20:23:04Z">
          <reporter-output>
          </reporter-output>
        </test-method> <!-- test1 -->
        <test-method status="PASS" signature="configAM()[pri:0, instance:testngfeatures.TestNGFeaturesClass@5034c75a]" name="configAM" is-config="true" duration-ms="0" started-at="2018-07-03T20:23:04Z" finished-at="2018-07-03T20:23:04Z">
          <reporter-output>
          </reporter-output>
        </test-method> <!-- configAM -->
        <test-method status="PASS" signature="configBM()[pri:0, instance:testngfeatures.TestNGFeaturesClass@5034c75a]" name="configBM" is-config="true" duration-ms="1" started-at="2018-07-03T20:23:04Z" finished-at="2018-07-03T20:23:04Z">
          <reporter-output>
          </reporter-output>
        </test-method> <!-- configBM -->
        <test-method status="PASS" signature="test2()[pri:0, instance:testngfeatures.TestNGFeaturesClass@5034c75a]" name="test2" duration-ms="2" started-at="2018-07-03T20:23:04Z" finished-at="2018-07-03T20:23:04Z">
          <reporter-output>
          </reporter-output>
        </test-method> <!-- test2 -->
        <test-method status="PASS" signature="configAM()[pri:0, instance:testngfeatures.TestNGFeaturesClass@5034c75a]" name="configAM" is-config="true" duration-ms="0" started-at="2018-07-03T20:23:04Z" finished-at="2018-07-03T20:23:04Z">
          <reporter-output>
          </reporter-output>
        </test-method> <!-- configAM -->
        <test-method status="PASS" signature="AT()[pri:0, instance:testngfeatures.TestNGFeaturesClass@5034c75a]" name="AT" is-config="true" duration-ms="1" started-at="2018-07-03T20:23:04Z" finished-at="2018-07-03T20:23:04Z">
          <reporter-output>
          </reporter-output>
        </test-method> <!-- AT -->
      </class> <!-- testngfeatures.TestNGFeaturesClass -->
    </test> <!-- Default test -->
  </suite> <!-- Default suite -->
</testng-results>
