<?xml version="1.0" encoding="UTF-8"?>
<testng-results skipped="0" failed="0" ignored="0" total="10" passed="10">
  <reporter-output>
  </reporter-output>
  <suite name="Suite" duration-ms="152" started-at="2018-07-20T16:44:34Z" finished-at="2018-07-20T16:44:35Z">
    <groups>
    </groups>
    <test name="Test" duration-ms="152" started-at="2018-07-20T16:44:34Z" finished-at="2018-07-20T16:44:35Z">
      <class name="testngfeatures.DemoTest2">
        <test-method status="PASS" signature="test1()[pri:0, instance:testngfeatures.DemoTest2@62ee68d8]" name="test1" duration-ms="2" started-at="2018-07-20T22:14:35Z" finished-at="2018-07-20T22:14:35Z">
          <reporter-output>
          </reporter-output>
        </test-method> <!-- test1 -->
        <test-method status="PASS" signature="test2()[pri:0, instance:testngfeatures.DemoTest2@62ee68d8]" name="test2" duration-ms="2" started-at="2018-07-20T22:14:35Z" finished-at="2018-07-20T22:14:35Z">
          <reporter-output>
          </reporter-output>
        </test-method> <!-- test2 -->
        <test-method status="PASS" signature="test3()[pri:0, instance:testngfeatures.DemoTest2@62ee68d8]" name="test3" duration-ms="1" started-at="2018-07-20T22:14:35Z" finished-at="2018-07-20T22:14:35Z">
          <reporter-output>
          </reporter-output>
        </test-method> <!-- test3 -->
        <test-method status="PASS" signature="test4()[pri:0, instance:testngfeatures.DemoTest2@62ee68d8]" name="test4" duration-ms="6" started-at="2018-07-20T22:14:35Z" finished-at="2018-07-20T22:14:35Z">
          <reporter-output>
          </reporter-output>
        </test-method> <!-- test4 -->
      </class> <!-- testngfeatures.DemoTest2 -->
      <class name="testngfeatures.DemoTest1">
        <test-method status="PASS" signature="test1()[pri:0, instance:testngfeatures.DemoTest1@9629756]" name="test1" duration-ms="9" started-at="2018-07-20T22:14:35Z" finished-at="2018-07-20T22:14:35Z">
          <reporter-output>
          </reporter-output>
        </test-method> <!-- test1 -->
        <test-method status="PASS" signature="test2()[pri:0, instance:testngfeatures.DemoTest1@9629756]" name="test2" duration-ms="2" started-at="2018-07-20T22:14:35Z" finished-at="2018-07-20T22:14:35Z">
          <reporter-output>
          </reporter-output>
        </test-method> <!-- test2 -->
        <test-method status="PASS" signature="test3()[pri:0, instance:testngfeatures.DemoTest1@9629756]" name="test3" duration-ms="1" started-at="2018-07-20T22:14:35Z" finished-at="2018-07-20T22:14:35Z">
          <reporter-output>
          </reporter-output>
        </test-method> <!-- test3 -->
        <test-method status="PASS" signature="test4()[pri:0, instance:testngfeatures.DemoTest1@9629756]" name="test4" duration-ms="2" started-at="2018-07-20T22:14:35Z" finished-at="2018-07-20T22:14:35Z">
          <reporter-output>
          </reporter-output>
        </test-method> <!-- test4 -->
      </class> <!-- testngfeatures.DemoTest1 -->
      <class name="testngfeatures.TestNGFeaturesClass">
        <test-method status="PASS" signature="beforeTest()[pri:0, instance:testngfeatures.TestNGFeaturesClass@7f9a81e8]" name="beforeTest" is-config="true" duration-ms="30" started-at="2018-07-20T22:14:34Z" finished-at="2018-07-20T22:14:35Z">
          <reporter-output>
          </reporter-output>
        </test-method> <!-- beforeTest -->
        <test-method status="PASS" signature="configBM()[pri:0, instance:testngfeatures.TestNGFeaturesClass@7f9a81e8]" name="configBM" is-config="true" duration-ms="0" started-at="2018-07-20T22:14:35Z" finished-at="2018-07-20T22:14:35Z">
          <reporter-output>
          </reporter-output>
        </test-method> <!-- configBM -->
        <test-method status="PASS" signature="test1()[pri:0, instance:testngfeatures.TestNGFeaturesClass@7f9a81e8]" name="test1" duration-ms="5" started-at="2018-07-20T22:14:35Z" finished-at="2018-07-20T22:14:35Z">
          <reporter-output>
          </reporter-output>
        </test-method> <!-- test1 -->
        <test-method status="PASS" signature="configAM()[pri:0, instance:testngfeatures.TestNGFeaturesClass@7f9a81e8]" name="configAM" is-config="true" duration-ms="0" started-at="2018-07-20T22:14:35Z" finished-at="2018-07-20T22:14:35Z">
          <reporter-output>
          </reporter-output>
        </test-method> <!-- configAM -->
        <test-method status="PASS" signature="configBM()[pri:0, instance:testngfeatures.TestNGFeaturesClass@7f9a81e8]" name="configBM" is-config="true" duration-ms="0" started-at="2018-07-20T22:14:35Z" finished-at="2018-07-20T22:14:35Z">
          <reporter-output>
          </reporter-output>
        </test-method> <!-- configBM -->
        <test-method status="PASS" signature="test2()[pri:0, instance:testngfeatures.TestNGFeaturesClass@7f9a81e8]" name="test2" duration-ms="8" started-at="2018-07-20T22:14:35Z" finished-at="2018-07-20T22:14:35Z">
          <reporter-output>
          </reporter-output>
        </test-method> <!-- test2 -->
        <test-method status="PASS" signature="configAM()[pri:0, instance:testngfeatures.TestNGFeaturesClass@7f9a81e8]" name="configAM" is-config="true" duration-ms="0" started-at="2018-07-20T22:14:35Z" finished-at="2018-07-20T22:14:35Z">
          <reporter-output>
          </reporter-output>
        </test-method> <!-- configAM -->
        <test-method status="PASS" signature="AT()[pri:0, instance:testngfeatures.TestNGFeaturesClass@7f9a81e8]" name="AT" is-config="true" duration-ms="0" started-at="2018-07-20T22:14:35Z" finished-at="2018-07-20T22:14:35Z">
          <reporter-output>
          </reporter-output>
        </test-method> <!-- AT -->
      </class> <!-- testngfeatures.TestNGFeaturesClass -->
    </test> <!-- Test -->
  </suite> <!-- Suite -->
</testng-results>
