<?xml version="1.0" encoding="UTF-8"?>
<!-- Generated by org.testng.reporters.JUnitXMLReporter -->
<testsuite hostname="hp-PC" ignored="0" name="Test" tests="10" failures="0" timestamp="20 Jul 2018 16:44:35 GMT" time="0.152" errors="0">
  <testcase name="test1" time="0.009" classname="testngfeatures.DemoTest1"/>
  <testcase name="test2" time="0.002" classname="testngfeatures.DemoTest1"/>
  <testcase name="test3" time="0.001" classname="testngfeatures.DemoTest1"/>
  <testcase name="test4" time="0.002" classname="testngfeatures.DemoTest1"/>
  <testcase name="test1" time="0.002" classname="testngfeatures.DemoTest2"/>
  <testcase name="test2" time="0.002" classname="testngfeatures.DemoTest2"/>
  <testcase name="test3" time="0.001" classname="testngfeatures.DemoTest2"/>
  <testcase name="test4" time="0.006" classname="testngfeatures.DemoTest2"/>
  <testcase name="test1" time="0.005" classname="testngfeatures.TestNGFeaturesClass"/>
  <testcase name="test2" time="0.008" classname="testngfeatures.TestNGFeaturesClass"/>
</testsuite> <!-- Test -->
